2016-03-07 22:33:21  [ main:0 ] - [ DEBUG ]  SpringJUnit4ClassRunner constructor called with [class com.asingna.spring.beans.TestDemo]
2016-03-07 22:33:21  [ main:8 ] - [ DEBUG ]  Instantiating CacheAwareContextLoaderDelegate from class [org.springframework.test.context.cache.DefaultCacheAwareContextLoaderDelegate]
2016-03-07 22:33:21  [ main:13 ] - [ DEBUG ]  Instantiating BootstrapContext using constructor [public org.springframework.test.context.support.DefaultBootstrapContext(java.lang.Class,org.springframework.test.context.CacheAwareContextLoaderDelegate)]
2016-03-07 22:33:21  [ main:21 ] - [ DEBUG ]  Instantiating TestContextBootstrapper for test class [com.asingna.spring.beans.TestDemo] from class [org.springframework.test.context.support.DefaultTestContextBootstrapper]
2016-03-07 22:33:21  [ main:50 ] - [ DEBUG ]  Delegating to GenericXmlContextLoader to process context configuration [ContextConfigurationAttributes@129a8472 declaringClass = 'com.asingna.spring.beans.TestDemo', classes = '{}', locations = '{classpath:applicationContext.xml}', inheritLocations = true, initializers = '{}', inheritInitializers = true, name = [null], contextLoaderClass = 'org.springframework.test.context.ContextLoader'].
2016-03-07 22:33:21  [ main:54 ] - [ DEBUG ]  Could not find an 'annotation declaring class' for annotation type [org.springframework.test.context.ActiveProfiles] and class [com.asingna.spring.beans.TestDemo]
2016-03-07 22:33:21  [ main:59 ] - [ DEBUG ]  @TestExecutionListeners is not present for class [com.asingna.spring.beans.TestDemo]: using defaults.
2016-03-07 22:33:21  [ main:64 ] - [ INFO ]  Loaded default TestExecutionListener class names from location [META-INF/spring.factories]: [org.springframework.test.context.web.ServletTestExecutionListener, org.springframework.test.context.support.DirtiesContextBeforeModesTestExecutionListener, org.springframework.test.context.support.DependencyInjectionTestExecutionListener, org.springframework.test.context.support.DirtiesContextTestExecutionListener, org.springframework.test.context.transaction.TransactionalTestExecutionListener, org.springframework.test.context.jdbc.SqlScriptsTestExecutionListener]
2016-03-07 22:33:21  [ main:71 ] - [ INFO ]  Could not instantiate TestExecutionListener [org.springframework.test.context.web.ServletTestExecutionListener]. Specify custom listener classes or make the default listener classes (and their required dependencies) available. Offending class: [javax/servlet/ServletContext]
2016-03-07 22:33:21  [ main:78 ] - [ INFO ]  Using TestExecutionListeners: [org.springframework.test.context.support.DirtiesContextBeforeModesTestExecutionListener@67b6d4ae, org.springframework.test.context.support.DependencyInjectionTestExecutionListener@34b7bfc0, org.springframework.test.context.support.DirtiesContextTestExecutionListener@366e2eef, org.springframework.test.context.transaction.TransactionalTestExecutionListener@6df97b55, org.springframework.test.context.jdbc.SqlScriptsTestExecutionListener@3cbbc1e0]
2016-03-07 22:33:21  [ main:80 ] - [ DEBUG ]  Retrieved @ProfileValueSourceConfiguration [null] for test class [com.asingna.spring.beans.TestDemo]
2016-03-07 22:33:21  [ main:82 ] - [ DEBUG ]  Retrieved ProfileValueSource type [class org.springframework.test.annotation.SystemProfileValueSource] for class [com.asingna.spring.beans.TestDemo]
2016-03-07 22:33:21  [ main:93 ] - [ DEBUG ]  Retrieved @ProfileValueSourceConfiguration [null] for test class [com.asingna.spring.beans.TestDemo]
2016-03-07 22:33:21  [ main:93 ] - [ DEBUG ]  Retrieved ProfileValueSource type [class org.springframework.test.annotation.SystemProfileValueSource] for class [com.asingna.spring.beans.TestDemo]
2016-03-07 22:33:21  [ main:95 ] - [ DEBUG ]  Retrieved @ProfileValueSourceConfiguration [null] for test class [com.asingna.spring.beans.TestDemo]
2016-03-07 22:33:21  [ main:95 ] - [ DEBUG ]  Retrieved ProfileValueSource type [class org.springframework.test.annotation.SystemProfileValueSource] for class [com.asingna.spring.beans.TestDemo]
2016-03-07 22:33:21  [ main:97 ] - [ DEBUG ]  Retrieved @ProfileValueSourceConfiguration [null] for test class [com.asingna.spring.beans.TestDemo]
2016-03-07 22:33:21  [ main:97 ] - [ DEBUG ]  Retrieved ProfileValueSource type [class org.springframework.test.annotation.SystemProfileValueSource] for class [com.asingna.spring.beans.TestDemo]
2016-03-07 22:33:21  [ main:99 ] - [ DEBUG ]  Before test class: context [DefaultTestContext@174d20a testClass = TestDemo, testInstance = [null], testMethod = [null], testException = [null], mergedContextConfiguration = [MergedContextConfiguration@66d2e7d9 testClass = TestDemo, locations = '{classpath:applicationContext.xml}', classes = '{}', contextInitializerClasses = '[]', activeProfiles = '{}', propertySourceLocations = '{}', propertySourceProperties = '{}', contextLoader = 'org.springframework.test.context.support.DelegatingSmartContextLoader', parent = [null]]], class annotated with @DirtiesContext [false] with mode [null].
2016-03-07 22:33:21  [ main:100 ] - [ DEBUG ]  Retrieved @ProfileValueSourceConfiguration [null] for test class [com.asingna.spring.beans.TestDemo]
2016-03-07 22:33:21  [ main:100 ] - [ DEBUG ]  Retrieved ProfileValueSource type [class org.springframework.test.annotation.SystemProfileValueSource] for class [com.asingna.spring.beans.TestDemo]
2016-03-07 22:33:21  [ main:104 ] - [ DEBUG ]  Performing dependency injection for test context [[DefaultTestContext@174d20a testClass = TestDemo, testInstance = com.asingna.spring.beans.TestDemo@6d8a00e3, testMethod = [null], testException = [null], mergedContextConfiguration = [MergedContextConfiguration@66d2e7d9 testClass = TestDemo, locations = '{classpath:applicationContext.xml}', classes = '{}', contextInitializerClasses = '[]', activeProfiles = '{}', propertySourceLocations = '{}', propertySourceProperties = '{}', contextLoader = 'org.springframework.test.context.support.DelegatingSmartContextLoader', parent = [null]]]].
2016-03-07 22:33:21  [ main:105 ] - [ DEBUG ]  Delegating to GenericXmlContextLoader to load context from [MergedContextConfiguration@66d2e7d9 testClass = TestDemo, locations = '{classpath:applicationContext.xml}', classes = '{}', contextInitializerClasses = '[]', activeProfiles = '{}', propertySourceLocations = '{}', propertySourceProperties = '{}', contextLoader = 'org.springframework.test.context.support.DelegatingSmartContextLoader', parent = [null]].
2016-03-07 22:33:21  [ main:105 ] - [ DEBUG ]  Loading ApplicationContext for merged context configuration [[MergedContextConfiguration@66d2e7d9 testClass = TestDemo, locations = '{classpath:applicationContext.xml}', classes = '{}', contextInitializerClasses = '[]', activeProfiles = '{}', propertySourceLocations = '{}', propertySourceProperties = '{}', contextLoader = 'org.springframework.test.context.support.DelegatingSmartContextLoader', parent = [null]]].
2016-03-07 22:33:21  [ main:172 ] - [ DEBUG ]  Adding [systemProperties] PropertySource with lowest search precedence
2016-03-07 22:33:21  [ main:174 ] - [ DEBUG ]  Adding [systemEnvironment] PropertySource with lowest search precedence
2016-03-07 22:33:21  [ main:175 ] - [ DEBUG ]  Initialized StandardEnvironment with PropertySources [systemProperties,systemEnvironment]
2016-03-07 22:33:21  [ main:184 ] - [ INFO ]  Loading XML bean definitions from class path resource [applicationContext.xml]
2016-03-07 22:33:21  [ main:202 ] - [ DEBUG ]  Using JAXP provider [com.sun.org.apache.xerces.internal.jaxp.DocumentBuilderFactoryImpl]
2016-03-07 22:33:21  [ main:226 ] - [ DEBUG ]  Loading schema mappings from [META-INF/spring.schemas]
2016-03-07 22:33:21  [ main:229 ] - [ DEBUG ]  Loaded schema mappings: {http://www.springframework.org/schema/tx/spring-tx-2.5.xsd=org/springframework/transaction/config/spring-tx-2.5.xsd, http://www.springframework.org/schema/cache/spring-cache-4.2.xsd=org/springframework/cache/config/spring-cache-4.2.xsd, http://www.springframework.org/schema/aop/spring-aop-4.1.xsd=org/springframework/aop/config/spring-aop-4.1.xsd, http://www.springframework.org/schema/context/spring-context-3.1.xsd=org/springframework/context/config/spring-context-3.1.xsd, http://www.springframework.org/schema/jdbc/spring-jdbc-4.1.xsd=org/springframework/jdbc/config/spring-jdbc-4.1.xsd, http://www.springframework.org/schema/util/spring-util-3.0.xsd=org/springframework/beans/factory/xml/spring-util-3.0.xsd, http://www.springframework.org/schema/tool/spring-tool.xsd=org/springframework/beans/factory/xml/spring-tool-4.2.xsd, http://www.springframework.org/schema/aop/spring-aop-3.2.xsd=org/springframework/aop/config/spring-aop-3.2.xsd, http://www.springframework.org/schema/lang/spring-lang-4.1.xsd=org/springframework/scripting/config/spring-lang-4.1.xsd, http://www.springframework.org/schema/context/spring-context-4.0.xsd=org/springframework/context/config/spring-context-4.0.xsd, http://www.springframework.org/schema/beans/spring-beans-4.2.xsd=org/springframework/beans/factory/xml/spring-beans-4.2.xsd, http://www.springframework.org/schema/tool/spring-tool-4.1.xsd=org/springframework/beans/factory/xml/spring-tool-4.1.xsd, http://www.springframework.org/schema/lang/spring-lang-3.2.xsd=org/springframework/scripting/config/spring-lang-3.2.xsd, http://www.springframework.org/schema/cache/spring-cache-3.2.xsd=org/springframework/cache/config/spring-cache-3.2.xsd, http://www.springframework.org/schema/jee/spring-jee-4.1.xsd=org/springframework/ejb/config/spring-jee-4.1.xsd, http://www.springframework.org/schema/jdbc/spring-jdbc-3.1.xsd=org/springframework/jdbc/config/spring-jdbc-3.1.xsd, http://www.springframework.org/schema/util/spring-util-2.0.xsd=org/springframework/beans/factory/xml/spring-util-2.0.xsd, http://www.springframework.org/schema/task/spring-task-4.2.xsd=org/springframework/scheduling/config/spring-task-4.2.xsd, http://www.springframework.org/schema/tool/spring-tool-3.2.xsd=org/springframework/beans/factory/xml/spring-tool-3.2.xsd, http://www.springframework.org/schema/context/spring-context.xsd=org/springframework/context/config/spring-context-4.2.xsd, http://www.springframework.org/schema/tx/spring-tx-4.2.xsd=org/springframework/transaction/config/spring-tx-4.2.xsd, http://www.springframework.org/schema/cache/spring-cache-4.1.xsd=org/springframework/cache/config/spring-cache-4.1.xsd, http://www.springframework.org/schema/aop/spring-aop-4.0.xsd=org/springframework/aop/config/spring-aop-4.0.xsd, http://www.springframework.org/schema/jee/spring-jee-3.2.xsd=org/springframework/ejb/config/spring-jee-3.2.xsd, http://www.springframework.org/schema/context/spring-context-3.0.xsd=org/springframework/context/config/spring-context-3.0.xsd, http://www.springframework.org/schema/jdbc/spring-jdbc-4.0.xsd=org/springframework/jdbc/config/spring-jdbc-4.0.xsd, http://www.springframework.org/schema/util/spring-util-2.5.xsd=org/springframework/beans/factory/xml/spring-util-2.5.xsd, http://www.springframework.org/schema/beans/spring-beans-3.2.xsd=org/springframework/beans/factory/xml/spring-beans-3.2.xsd, http://www.springframework.org/schema/aop/spring-aop-3.1.xsd=org/springframework/aop/config/spring-aop-3.1.xsd, http://www.springframework.org/schema/lang/spring-lang-4.0.xsd=org/springframework/scripting/config/spring-lang-4.0.xsd, http://www.springframework.org/schema/beans/spring-beans-4.1.xsd=org/springframework/beans/factory/xml/spring-beans-4.1.xsd, http://www.springframework.org/schema/tool/spring-tool-4.0.xsd=org/springframework/beans/factory/xml/spring-tool-4.0.xsd, http://www.springframework.org/schema/tx/spring-tx-3.2.xsd=org/springframework/transaction/config/spring-tx-3.2.xsd, http://www.springframework.org/schema/lang/spring-lang-3.1.xsd=org/springframework/scripting/config/spring-lang-3.1.xsd, http://www.springframework.org/schema/cache/spring-cache-3.1.xsd=org/springframework/cache/config/spring-cache-3.1.xsd, http://www.springframework.org/schema/jee/spring-jee-4.0.xsd=org/springframework/ejb/config/spring-jee-4.0.xsd, http://www.springframework.org/schema/jdbc/spring-jdbc-3.0.xsd=org/springframework/jdbc/config/spring-jdbc-3.0.xsd, http://www.springframework.org/schema/task/spring-task-4.1.xsd=org/springframework/scheduling/config/spring-task-4.1.xsd, http://www.springframework.org/schema/jdbc/spring-jdbc.xsd=org/springframework/jdbc/config/spring-jdbc-4.2.xsd, http://www.springframework.org/schema/tool/spring-tool-3.1.xsd=org/springframework/beans/factory/xml/spring-tool-3.1.xsd, http://www.springframework.org/schema/tx/spring-tx-4.1.xsd=org/springframework/transaction/config/spring-tx-4.1.xsd, http://www.springframework.org/schema/cache/spring-cache-4.0.xsd=org/springframework/cache/config/spring-cache-4.0.xsd, http://www.springframework.org/schema/jee/spring-jee-3.1.xsd=org/springframework/ejb/config/spring-jee-3.1.xsd, http://www.springframework.org/schema/task/spring-task-3.2.xsd=org/springframework/scheduling/config/spring-task-3.2.xsd, http://www.springframework.org/schema/util/spring-util-4.2.xsd=org/springframework/beans/factory/xml/spring-util-4.2.xsd, http://www.springframework.org/schema/beans/spring-beans-3.1.xsd=org/springframework/beans/factory/xml/spring-beans-3.1.xsd, http://www.springframework.org/schema/util/spring-util.xsd=org/springframework/beans/factory/xml/spring-util-4.2.xsd, http://www.springframework.org/schema/aop/spring-aop-3.0.xsd=org/springframework/aop/config/spring-aop-3.0.xsd, http://www.springframework.org/schema/beans/spring-beans-4.0.xsd=org/springframework/beans/factory/xml/spring-beans-4.0.xsd, http://www.springframework.org/schema/beans/spring-beans.xsd=org/springframework/beans/factory/xml/spring-beans-4.2.xsd, http://www.springframework.org/schema/tx/spring-tx-3.1.xsd=org/springframework/transaction/config/spring-tx-3.1.xsd, http://www.springframework.org/schema/lang/spring-lang-3.0.xsd=org/springframework/scripting/config/spring-lang-3.0.xsd, http://www.springframework.org/schema/context/spring-context-2.5.xsd=org/springframework/context/config/spring-context-2.5.xsd, http://www.springframework.org/schema/task/spring-task-4.0.xsd=org/springframework/scheduling/config/spring-task-4.0.xsd, http://www.springframework.org/schema/tool/spring-tool-3.0.xsd=org/springframework/beans/factory/xml/spring-tool-3.0.xsd, http://www.springframework.org/schema/tx/spring-tx-4.0.xsd=org/springframework/transaction/config/spring-tx-4.0.xsd, http://www.springframework.org/schema/aop/spring-aop-2.0.xsd=org/springframework/aop/config/spring-aop-2.0.xsd, http://www.springframework.org/schema/jee/spring-jee-3.0.xsd=org/springframework/ejb/config/spring-jee-3.0.xsd, http://www.springframework.org/schema/util/spring-util-4.1.xsd=org/springframework/beans/factory/xml/spring-util-4.1.xsd, http://www.springframework.org/schema/task/spring-task-3.1.xsd=org/springframework/scheduling/config/spring-task-3.1.xsd, http://www.springframework.org/schema/beans/spring-beans-3.0.xsd=org/springframework/beans/factory/xml/spring-beans-3.0.xsd, http://www.springframework.org/schema/jee/spring-jee.xsd=org/springframework/ejb/config/spring-jee-4.2.xsd, http://www.springframework.org/schema/aop/spring-aop-2.5.xsd=org/springframework/aop/config/spring-aop-2.5.xsd, http://www.springframework.org/schema/lang/spring-lang-2.0.xsd=org/springframework/scripting/config/spring-lang-2.0.xsd, http://www.springframework.org/schema/util/spring-util-3.2.xsd=org/springframework/beans/factory/xml/spring-util-3.2.xsd, http://www.springframework.org/schema/task/spring-task.xsd=org/springframework/scheduling/config/spring-task-4.2.xsd, http://www.springframework.org/schema/tool/spring-tool-2.0.xsd=org/springframework/beans/factory/xml/spring-tool-2.0.xsd, http://www.springframework.org/schema/tx/spring-tx-3.0.xsd=org/springframework/transaction/config/spring-tx-3.0.xsd, http://www.springframework.org/schema/lang/spring-lang-2.5.xsd=org/springframework/scripting/config/spring-lang-2.5.xsd, http://www.springframework.org/schema/context/spring-context-4.2.xsd=org/springframework/context/config/spring-context-4.2.xsd, http://www.springframework.org/schema/jee/spring-jee-2.0.xsd=org/springframework/ejb/config/spring-jee-2.0.xsd, http://www.springframework.org/schema/tool/spring-tool-2.5.xsd=org/springframework/beans/factory/xml/spring-tool-2.5.xsd, http://www.springframework.org/schema/jee/spring-jee-2.5.xsd=org/springframework/ejb/config/spring-jee-2.5.xsd, http://www.springframework.org/schema/util/spring-util-4.0.xsd=org/springframework/beans/factory/xml/spring-util-4.0.xsd, http://www.springframework.org/schema/task/spring-task-3.0.xsd=org/springframework/scheduling/config/spring-task-3.0.xsd, http://www.springframework.org/schema/aop/spring-aop-4.2.xsd=org/springframework/aop/config/spring-aop-4.2.xsd, http://www.springframework.org/schema/lang/spring-lang.xsd=org/springframework/scripting/config/spring-lang-4.2.xsd, http://www.springframework.org/schema/context/spring-context-3.2.xsd=org/springframework/context/config/spring-context-3.2.xsd, http://www.springframework.org/schema/jdbc/spring-jdbc-4.2.xsd=org/springframework/jdbc/config/spring-jdbc-4.2.xsd, http://www.springframework.org/schema/util/spring-util-3.1.xsd=org/springframework/beans/factory/xml/spring-util-3.1.xsd, http://www.springframework.org/schema/beans/spring-beans-2.0.xsd=org/springframework/beans/factory/xml/spring-beans-2.0.xsd, http://www.springframework.org/schema/cache/spring-cache.xsd=org/springframework/cache/config/spring-cache-4.2.xsd, http://www.springframework.org/schema/tx/spring-tx.xsd=org/springframework/transaction/config/spring-tx-4.2.xsd, http://www.springframework.org/schema/lang/spring-lang-4.2.xsd=org/springframework/scripting/config/spring-lang-4.2.xsd, http://www.springframework.org/schema/context/spring-context-4.1.xsd=org/springframework/context/config/spring-context-4.1.xsd, http://www.springframework.org/schema/beans/spring-beans-2.5.xsd=org/springframework/beans/factory/xml/spring-beans-2.5.xsd, http://www.springframework.org/schema/tool/spring-tool-4.2.xsd=org/springframework/beans/factory/xml/spring-tool-4.2.xsd, http://www.springframework.org/schema/tx/spring-tx-2.0.xsd=org/springframework/transaction/config/spring-tx-2.0.xsd, http://www.springframework.org/schema/jee/spring-jee-4.2.xsd=org/springframework/ejb/config/spring-jee-4.2.xsd, http://www.springframework.org/schema/jdbc/spring-jdbc-3.2.xsd=org/springframework/jdbc/config/spring-jdbc-3.2.xsd, http://www.springframework.org/schema/aop/spring-aop.xsd=org/springframework/aop/config/spring-aop-4.2.xsd}
2016-03-07 22:33:21  [ main:230 ] - [ DEBUG ]  Found XML schema [http://www.springframework.org/schema/beans/spring-beans.xsd] in classpath: org/springframework/beans/factory/xml/spring-beans-4.2.xsd
2016-03-07 22:33:21  [ main:267 ] - [ DEBUG ]  Found XML schema [http://www.springframework.org/schema/context/spring-context-4.2.xsd] in classpath: org/springframework/context/config/spring-context-4.2.xsd
2016-03-07 22:33:21  [ main:274 ] - [ DEBUG ]  Found XML schema [http://www.springframework.org/schema/tool/spring-tool-4.2.xsd] in classpath: org/springframework/beans/factory/xml/spring-tool-4.2.xsd
2016-03-07 22:33:21  [ main:283 ] - [ DEBUG ]  Loading bean definitions
2016-03-07 22:33:21  [ main:297 ] - [ DEBUG ]  Loaded NamespaceHandler mappings: {http://www.springframework.org/schema/p=org.springframework.beans.factory.xml.SimplePropertyNamespaceHandler, http://www.springframework.org/schema/util=org.springframework.beans.factory.xml.UtilNamespaceHandler, http://www.springframework.org/schema/jee=org.springframework.ejb.config.JeeNamespaceHandler, http://www.springframework.org/schema/aop=org.springframework.aop.config.AopNamespaceHandler, http://www.springframework.org/schema/jdbc=org.springframework.jdbc.config.JdbcNamespaceHandler, http://www.springframework.org/schema/cache=org.springframework.cache.config.CacheNamespaceHandler, http://www.springframework.org/schema/c=org.springframework.beans.factory.xml.SimpleConstructorNamespaceHandler, http://www.springframework.org/schema/tx=org.springframework.transaction.config.TxNamespaceHandler, http://www.springframework.org/schema/task=org.springframework.scheduling.config.TaskNamespaceHandler, http://www.springframework.org/schema/lang=org.springframework.scripting.config.LangNamespaceHandler, http://www.springframework.org/schema/context=org.springframework.context.config.ContextNamespaceHandler}
2016-03-07 22:33:21  [ main:308 ] - [ DEBUG ]  Loaded 5 bean definitions from location pattern [classpath:applicationContext.xml]
2016-03-07 22:33:21  [ main:320 ] - [ INFO ]  Refreshing org.springframework.context.support.GenericApplicationContext@55f3ddb1: startup date [Mon Mar 07 22:33:21 CST 2016]; root of context hierarchy
2016-03-07 22:33:21  [ main:321 ] - [ DEBUG ]  Bean factory for org.springframework.context.support.GenericApplicationContext@55f3ddb1: org.springframework.beans.factory.support.DefaultListableBeanFactory@80169cf: defining beans [helloWorld,org.springframework.context.support.PropertySourcesPlaceholderConfigurer#0,dataSource,accountDao,accountService,org.springframework.context.annotation.internalConfigurationAnnotationProcessor,org.springframework.context.annotation.internalAutowiredAnnotationProcessor,org.springframework.context.annotation.internalRequiredAnnotationProcessor,org.springframework.context.annotation.internalCommonAnnotationProcessor,org.springframework.context.event.internalEventListenerProcessor,org.springframework.context.event.internalEventListenerFactory]; root of factory hierarchy
2016-03-07 22:33:21  [ main:341 ] - [ DEBUG ]  Creating shared instance of singleton bean 'org.springframework.context.annotation.internalConfigurationAnnotationProcessor'
2016-03-07 22:33:21  [ main:342 ] - [ DEBUG ]  Creating instance of bean 'org.springframework.context.annotation.internalConfigurationAnnotationProcessor'
2016-03-07 22:33:21  [ main:355 ] - [ DEBUG ]  Eagerly caching bean 'org.springframework.context.annotation.internalConfigurationAnnotationProcessor' to allow for resolving potential circular references
2016-03-07 22:33:21  [ main:357 ] - [ DEBUG ]  Finished creating instance of bean 'org.springframework.context.annotation.internalConfigurationAnnotationProcessor'
2016-03-07 22:33:21  [ main:381 ] - [ DEBUG ]  Creating shared instance of singleton bean 'org.springframework.context.support.PropertySourcesPlaceholderConfigurer#0'
2016-03-07 22:33:21  [ main:381 ] - [ DEBUG ]  Creating instance of bean 'org.springframework.context.support.PropertySourcesPlaceholderConfigurer#0'
2016-03-07 22:33:21  [ main:382 ] - [ DEBUG ]  Eagerly caching bean 'org.springframework.context.support.PropertySourcesPlaceholderConfigurer#0' to allow for resolving potential circular references
2016-03-07 22:33:21  [ main:400 ] - [ DEBUG ]  Finished creating instance of bean 'org.springframework.context.support.PropertySourcesPlaceholderConfigurer#0'
2016-03-07 22:33:21  [ main:401 ] - [ DEBUG ]  Adding [environmentProperties] PropertySource with lowest search precedence
2016-03-07 22:33:21  [ main:401 ] - [ INFO ]  Loading properties file from class path resource [jdbc.properties]
2016-03-07 22:33:21  [ main:402 ] - [ DEBUG ]  Adding [localProperties] PropertySource with lowest search precedence
2016-03-07 22:33:21  [ main:404 ] - [ DEBUG ]  Searching for key 'jdbc.driverClass' in [environmentProperties]
2016-03-07 22:33:21  [ main:404 ] - [ DEBUG ]  Searching for key 'jdbc.driverClass' in [systemProperties]
2016-03-07 22:33:21  [ main:405 ] - [ DEBUG ]  Searching for key 'jdbc.driverClass' in [systemEnvironment]
2016-03-07 22:33:21  [ main:405 ] - [ DEBUG ]  Could not find key 'jdbc.driverClass' in any property source. Returning [null]
2016-03-07 22:33:21  [ main:405 ] - [ DEBUG ]  Searching for key 'jdbc.driverClass' in [localProperties]
2016-03-07 22:33:21  [ main:406 ] - [ DEBUG ]  Found key 'jdbc.driverClass' in [localProperties] with type [String] and value 'com.mysql.jdbc.Driver'
2016-03-07 22:33:21  [ main:407 ] - [ DEBUG ]  Searching for key 'jdbc.url' in [environmentProperties]
2016-03-07 22:33:21  [ main:407 ] - [ DEBUG ]  Searching for key 'jdbc.url' in [systemProperties]
2016-03-07 22:33:21  [ main:408 ] - [ DEBUG ]  Searching for key 'jdbc.url' in [systemEnvironment]
2016-03-07 22:33:21  [ main:408 ] - [ DEBUG ]  Could not find key 'jdbc.url' in any property source. Returning [null]
2016-03-07 22:33:21  [ main:408 ] - [ DEBUG ]  Searching for key 'jdbc.url' in [localProperties]
2016-03-07 22:33:21  [ main:408 ] - [ DEBUG ]  Found key 'jdbc.url' in [localProperties] with type [String] and value 'jdbc:mysql:///spring-transaction'
2016-03-07 22:33:21  [ main:409 ] - [ DEBUG ]  Searching for key 'jdbc.user' in [environmentProperties]
2016-03-07 22:33:21  [ main:409 ] - [ DEBUG ]  Searching for key 'jdbc.user' in [systemProperties]
2016-03-07 22:33:21  [ main:409 ] - [ DEBUG ]  Searching for key 'jdbc.user' in [systemEnvironment]
2016-03-07 22:33:21  [ main:409 ] - [ DEBUG ]  Could not find key 'jdbc.user' in any property source. Returning [null]
2016-03-07 22:33:21  [ main:410 ] - [ DEBUG ]  Searching for key 'jdbc.user' in [localProperties]
2016-03-07 22:33:21  [ main:410 ] - [ DEBUG ]  Found key 'jdbc.user' in [localProperties] with type [String] and value 'root'
2016-03-07 22:33:21  [ main:410 ] - [ DEBUG ]  Searching for key 'jdbc.password' in [environmentProperties]
2016-03-07 22:33:21  [ main:410 ] - [ DEBUG ]  Searching for key 'jdbc.password' in [systemProperties]
2016-03-07 22:33:21  [ main:411 ] - [ DEBUG ]  Searching for key 'jdbc.password' in [systemEnvironment]
2016-03-07 22:33:21  [ main:411 ] - [ DEBUG ]  Could not find key 'jdbc.password' in any property source. Returning [null]
2016-03-07 22:33:21  [ main:411 ] - [ DEBUG ]  Searching for key 'jdbc.password' in [localProperties]
2016-03-07 22:33:21  [ main:412 ] - [ DEBUG ]  Found key 'jdbc.password' in [localProperties] with type [String] and value '123456'
2016-03-07 22:33:21  [ main:413 ] - [ DEBUG ]  Creating shared instance of singleton bean 'org.springframework.context.annotation.internalAutowiredAnnotationProcessor'
2016-03-07 22:33:21  [ main:413 ] - [ DEBUG ]  Creating instance of bean 'org.springframework.context.annotation.internalAutowiredAnnotationProcessor'
2016-03-07 22:33:21  [ main:414 ] - [ DEBUG ]  Eagerly caching bean 'org.springframework.context.annotation.internalAutowiredAnnotationProcessor' to allow for resolving potential circular references
2016-03-07 22:33:21  [ main:415 ] - [ DEBUG ]  Finished creating instance of bean 'org.springframework.context.annotation.internalAutowiredAnnotationProcessor'
2016-03-07 22:33:21  [ main:415 ] - [ DEBUG ]  Creating shared instance of singleton bean 'org.springframework.context.annotation.internalRequiredAnnotationProcessor'
2016-03-07 22:33:21  [ main:415 ] - [ DEBUG ]  Creating instance of bean 'org.springframework.context.annotation.internalRequiredAnnotationProcessor'
2016-03-07 22:33:21  [ main:415 ] - [ DEBUG ]  Eagerly caching bean 'org.springframework.context.annotation.internalRequiredAnnotationProcessor' to allow for resolving potential circular references
2016-03-07 22:33:21  [ main:416 ] - [ DEBUG ]  Finished creating instance of bean 'org.springframework.context.annotation.internalRequiredAnnotationProcessor'
2016-03-07 22:33:21  [ main:416 ] - [ DEBUG ]  Creating shared instance of singleton bean 'org.springframework.context.annotation.internalCommonAnnotationProcessor'
2016-03-07 22:33:21  [ main:416 ] - [ DEBUG ]  Creating instance of bean 'org.springframework.context.annotation.internalCommonAnnotationProcessor'
2016-03-07 22:33:21  [ main:419 ] - [ DEBUG ]  Eagerly caching bean 'org.springframework.context.annotation.internalCommonAnnotationProcessor' to allow for resolving potential circular references
2016-03-07 22:33:21  [ main:419 ] - [ DEBUG ]  Finished creating instance of bean 'org.springframework.context.annotation.internalCommonAnnotationProcessor'
2016-03-07 22:33:21  [ main:420 ] - [ DEBUG ]  Creating shared instance of singleton bean 'org.springframework.context.annotation.ConfigurationClassPostProcessor.importAwareProcessor'
2016-03-07 22:33:21  [ main:420 ] - [ DEBUG ]  Creating instance of bean 'org.springframework.context.annotation.ConfigurationClassPostProcessor.importAwareProcessor'
2016-03-07 22:33:21  [ main:420 ] - [ DEBUG ]  Eagerly caching bean 'org.springframework.context.annotation.ConfigurationClassPostProcessor.importAwareProcessor' to allow for resolving potential circular references
2016-03-07 22:33:21  [ main:420 ] - [ DEBUG ]  Finished creating instance of bean 'org.springframework.context.annotation.ConfigurationClassPostProcessor.importAwareProcessor'
2016-03-07 22:33:21  [ main:420 ] - [ DEBUG ]  Creating shared instance of singleton bean 'org.springframework.context.annotation.ConfigurationClassPostProcessor.enhancedConfigurationProcessor'
2016-03-07 22:33:21  [ main:420 ] - [ DEBUG ]  Creating instance of bean 'org.springframework.context.annotation.ConfigurationClassPostProcessor.enhancedConfigurationProcessor'
2016-03-07 22:33:21  [ main:421 ] - [ DEBUG ]  Eagerly caching bean 'org.springframework.context.annotation.ConfigurationClassPostProcessor.enhancedConfigurationProcessor' to allow for resolving potential circular references
2016-03-07 22:33:21  [ main:421 ] - [ DEBUG ]  Finished creating instance of bean 'org.springframework.context.annotation.ConfigurationClassPostProcessor.enhancedConfigurationProcessor'
2016-03-07 22:33:21  [ main:423 ] - [ DEBUG ]  Unable to locate MessageSource with name 'messageSource': using default [org.springframework.context.support.DelegatingMessageSource@7b227d8d]
2016-03-07 22:33:21  [ main:425 ] - [ DEBUG ]  Unable to locate ApplicationEventMulticaster with name 'applicationEventMulticaster': using default [org.springframework.context.event.SimpleApplicationEventMulticaster@29176cc1]
2016-03-07 22:33:21  [ main:426 ] - [ DEBUG ]  Pre-instantiating singletons in org.springframework.beans.factory.support.DefaultListableBeanFactory@80169cf: defining beans [helloWorld,org.springframework.context.support.PropertySourcesPlaceholderConfigurer#0,dataSource,accountDao,accountService,org.springframework.context.annotation.internalConfigurationAnnotationProcessor,org.springframework.context.annotation.internalAutowiredAnnotationProcessor,org.springframework.context.annotation.internalRequiredAnnotationProcessor,org.springframework.context.annotation.internalCommonAnnotationProcessor,org.springframework.context.event.internalEventListenerProcessor,org.springframework.context.event.internalEventListenerFactory,org.springframework.context.annotation.ConfigurationClassPostProcessor.importAwareProcessor,org.springframework.context.annotation.ConfigurationClassPostProcessor.enhancedConfigurationProcessor]; root of factory hierarchy
2016-03-07 22:33:21  [ main:426 ] - [ DEBUG ]  Creating shared instance of singleton bean 'helloWorld'
2016-03-07 22:33:21  [ main:426 ] - [ DEBUG ]  Creating instance of bean 'helloWorld'
2016-03-07 22:33:21  [ main:430 ] - [ DEBUG ]  Eagerly caching bean 'helloWorld' to allow for resolving potential circular references
2016-03-07 22:33:21  [ main:433 ] - [ DEBUG ]  Finished creating instance of bean 'helloWorld'
2016-03-07 22:33:21  [ main:433 ] - [ DEBUG ]  Returning cached instance of singleton bean 'org.springframework.context.support.PropertySourcesPlaceholderConfigurer#0'
2016-03-07 22:33:21  [ main:433 ] - [ DEBUG ]  Creating shared instance of singleton bean 'dataSource'
2016-03-07 22:33:21  [ main:433 ] - [ DEBUG ]  Creating instance of bean 'dataSource'
2016-03-07 22:33:22  [ main:447 ] - [ INFO ]  MLog clients using log4j logging.
2016-03-07 22:33:22  [ main:674 ] - [ INFO ]  Initializing c3p0-0.9.1.2 [built 21-May-2007 15:04:56; debug? true; trace: 10]
2016-03-07 22:33:22  [ main:693 ] - [ DEBUG ]  MBean: com.mchange.v2.c3p0:type=PooledDataSource[1hge1he9fmm1qp6rh0z8g|3e2e18f2] registered.
2016-03-07 22:33:22  [ main:704 ] - [ DEBUG ]  Eagerly caching bean 'dataSource' to allow for resolving potential circular references
2016-03-07 22:33:22  [ main:717 ] - [ DEBUG ]  Finished creating instance of bean 'dataSource'
2016-03-07 22:33:22  [ main:718 ] - [ DEBUG ]  Creating shared instance of singleton bean 'accountDao'
2016-03-07 22:33:22  [ main:718 ] - [ DEBUG ]  Creating instance of bean 'accountDao'
2016-03-07 22:33:22  [ main:722 ] - [ DEBUG ]  Eagerly caching bean 'accountDao' to allow for resolving potential circular references
2016-03-07 22:33:22  [ main:725 ] - [ DEBUG ]  Returning cached instance of singleton bean 'dataSource'
2016-03-07 22:33:22  [ main:730 ] - [ DEBUG ]  Invoking afterPropertiesSet() on bean with name 'accountDao'
2016-03-07 22:33:22  [ main:730 ] - [ DEBUG ]  Finished creating instance of bean 'accountDao'
2016-03-07 22:33:22  [ main:730 ] - [ DEBUG ]  Creating shared instance of singleton bean 'accountService'
2016-03-07 22:33:22  [ main:730 ] - [ DEBUG ]  Creating instance of bean 'accountService'
2016-03-07 22:33:22  [ main:731 ] - [ DEBUG ]  Eagerly caching bean 'accountService' to allow for resolving potential circular references
2016-03-07 22:33:22  [ main:732 ] - [ DEBUG ]  Returning cached instance of singleton bean 'accountDao'
2016-03-07 22:33:22  [ main:733 ] - [ DEBUG ]  Finished creating instance of bean 'accountService'
2016-03-07 22:33:22  [ main:733 ] - [ DEBUG ]  Returning cached instance of singleton bean 'org.springframework.context.annotation.internalConfigurationAnnotationProcessor'
2016-03-07 22:33:22  [ main:733 ] - [ DEBUG ]  Returning cached instance of singleton bean 'org.springframework.context.annotation.internalAutowiredAnnotationProcessor'
2016-03-07 22:33:22  [ main:733 ] - [ DEBUG ]  Returning cached instance of singleton bean 'org.springframework.context.annotation.internalRequiredAnnotationProcessor'
2016-03-07 22:33:22  [ main:733 ] - [ DEBUG ]  Returning cached instance of singleton bean 'org.springframework.context.annotation.internalCommonAnnotationProcessor'
2016-03-07 22:33:22  [ main:733 ] - [ DEBUG ]  Creating shared instance of singleton bean 'org.springframework.context.event.internalEventListenerProcessor'
2016-03-07 22:33:22  [ main:734 ] - [ DEBUG ]  Creating instance of bean 'org.springframework.context.event.internalEventListenerProcessor'
2016-03-07 22:33:22  [ main:735 ] - [ DEBUG ]  Eagerly caching bean 'org.springframework.context.event.internalEventListenerProcessor' to allow for resolving potential circular references
2016-03-07 22:33:22  [ main:736 ] - [ DEBUG ]  Finished creating instance of bean 'org.springframework.context.event.internalEventListenerProcessor'
2016-03-07 22:33:22  [ main:737 ] - [ DEBUG ]  Creating shared instance of singleton bean 'org.springframework.context.event.internalEventListenerFactory'
2016-03-07 22:33:22  [ main:737 ] - [ DEBUG ]  Creating instance of bean 'org.springframework.context.event.internalEventListenerFactory'
2016-03-07 22:33:22  [ main:737 ] - [ DEBUG ]  Eagerly caching bean 'org.springframework.context.event.internalEventListenerFactory' to allow for resolving potential circular references
2016-03-07 22:33:22  [ main:739 ] - [ DEBUG ]  Finished creating instance of bean 'org.springframework.context.event.internalEventListenerFactory'
2016-03-07 22:33:22  [ main:739 ] - [ DEBUG ]  Returning cached instance of singleton bean 'org.springframework.context.annotation.ConfigurationClassPostProcessor.importAwareProcessor'
2016-03-07 22:33:22  [ main:739 ] - [ DEBUG ]  Returning cached instance of singleton bean 'org.springframework.context.annotation.ConfigurationClassPostProcessor.enhancedConfigurationProcessor'
2016-03-07 22:33:22  [ main:739 ] - [ DEBUG ]  Returning cached instance of singleton bean 'org.springframework.context.event.internalEventListenerFactory'
2016-03-07 22:33:22  [ main:765 ] - [ DEBUG ]  Unable to locate LifecycleProcessor with name 'lifecycleProcessor': using default [org.springframework.context.support.DefaultLifecycleProcessor@7c7b252e]
2016-03-07 22:33:22  [ main:765 ] - [ DEBUG ]  Returning cached instance of singleton bean 'lifecycleProcessor'
2016-03-07 22:33:22  [ main:767 ] - [ DEBUG ]  Searching for key 'spring.liveBeansView.mbeanDomain' in [systemProperties]
2016-03-07 22:33:22  [ main:767 ] - [ DEBUG ]  Searching for key 'spring.liveBeansView.mbeanDomain' in [systemEnvironment]
2016-03-07 22:33:22  [ main:768 ] - [ DEBUG ]  Could not find key 'spring.liveBeansView.mbeanDomain' in any property source. Returning [null]
2016-03-07 22:33:22  [ main:769 ] - [ DEBUG ]  Storing ApplicationContext in cache under key [[MergedContextConfiguration@66d2e7d9 testClass = TestDemo, locations = '{classpath:applicationContext.xml}', classes = '{}', contextInitializerClasses = '[]', activeProfiles = '{}', propertySourceLocations = '{}', propertySourceProperties = '{}', contextLoader = 'org.springframework.test.context.support.DelegatingSmartContextLoader', parent = [null]]]
2016-03-07 22:33:22  [ main:769 ] - [ DEBUG ]  Spring test ApplicationContext cache statistics: [DefaultContextCache@5656be13 size = 1, parentContextCount = 0, hitCount = 0, missCount = 1]
2016-03-07 22:33:22  [ main:773 ] - [ DEBUG ]  Processing injected element of bean 'com.asingna.spring.beans.TestDemo': ResourceElement for private com.asingna.spring.beans.AccountService com.asingna.spring.beans.TestDemo.accountService
2016-03-07 22:33:22  [ main:773 ] - [ DEBUG ]  Returning cached instance of singleton bean 'accountService'
2016-03-07 22:33:22  [ main:776 ] - [ DEBUG ]  Before test method: context [DefaultTestContext@174d20a testClass = TestDemo, testInstance = com.asingna.spring.beans.TestDemo@6d8a00e3, testMethod = testTransfer@TestDemo, testException = [null], mergedContextConfiguration = [MergedContextConfiguration@66d2e7d9 testClass = TestDemo, locations = '{classpath:applicationContext.xml}', classes = '{}', contextInitializerClasses = '[]', activeProfiles = '{}', propertySourceLocations = '{}', propertySourceProperties = '{}', contextLoader = 'org.springframework.test.context.support.DelegatingSmartContextLoader', parent = [null]]], class annotated with @DirtiesContext [false] with mode [null], method annotated with @DirtiesContext [false] with mode [null].
2016-03-07 22:33:22  [ main:780 ] - [ INFO ]  start info ...
2016-03-07 22:33:22  [ main:781 ] - [ DEBUG ]  Executing prepared SQL update
2016-03-07 22:33:22  [ main:782 ] - [ DEBUG ]  Executing prepared SQL statement [update account set money = money - ? where name = ? ]
2016-03-07 22:33:22  [ main:785 ] - [ DEBUG ]  Fetching JDBC Connection from DataSource
2016-03-07 22:33:22  [ main:824 ] - [ DEBUG ]  incremented pending_acquires: 1
2016-03-07 22:33:22  [ main:824 ] - [ DEBUG ]  incremented pending_acquires: 2
2016-03-07 22:33:22  [ main:825 ] - [ DEBUG ]  incremented pending_acquires: 3
2016-03-07 22:33:22  [ main:825 ] - [ DEBUG ]  com.mchange.v2.resourcepool.BasicResourcePool@5dda768f config: [start -> 3; min -> 3; max -> 15; inc -> 3; num_acq_attempts -> 30; acq_attempt_delay -> 1000; check_idle_resources_delay -> 0; mox_resource_age -> 0; max_idle_time -> 0; excess_max_idle_time -> 0; destroy_unreturned_resc_time -> 0; expiration_enforcement_delay -> 0; break_on_acquisition_failure -> false; debug_store_checkout_exceptions -> false]
2016-03-07 22:33:22  [ main:825 ] - [ INFO ]  Initializing c3p0 pool... com.mchange.v2.c3p0.ComboPooledDataSource [ acquireIncrement -> 3, acquireRetryAttempts -> 30, acquireRetryDelay -> 1000, autoCommitOnClose -> false, automaticTestTable -> null, breakAfterAcquireFailure -> false, checkoutTimeout -> 0, connectionCustomizerClassName -> null, connectionTesterClassName -> com.mchange.v2.c3p0.impl.DefaultConnectionTester, dataSourceName -> 1hge1he9fmm1qp6rh0z8g|3e2e18f2, debugUnreturnedConnectionStackTraces -> false, description -> null, driverClass -> com.mysql.jdbc.Driver, factoryClassLocation -> null, forceIgnoreUnresolvedTransactions -> false, identityToken -> 1hge1he9fmm1qp6rh0z8g|3e2e18f2, idleConnectionTestPeriod -> 0, initialPoolSize -> 3, jdbcUrl -> jdbc:mysql:///spring-transaction, maxAdministrativeTaskTime -> 0, maxConnectionAge -> 0, maxIdleTime -> 0, maxIdleTimeExcessConnections -> 0, maxPoolSize -> 15, maxStatements -> 0, maxStatementsPerConnection -> 0, minPoolSize -> 3, numHelperThreads -> 3, numThreadsAwaitingCheckoutDefaultUser -> 0, preferredTestQuery -> null, properties -> {user=******, password=******}, propertyCycle -> 0, testConnectionOnCheckin -> false, testConnectionOnCheckout -> false, unreturnedConnectionTimeout -> 0, usesTraditionalReflectiveProxies -> false ]
2016-03-07 22:33:22  [ main:826 ] - [ DEBUG ]  acquire test -- pool size: 0; target_pool_size: 3; desired target? 1
2016-03-07 22:33:22  [ main:826 ] - [ DEBUG ]  awaitAvailable(): [unknown]
2016-03-07 22:33:22  [ main:826 ] - [ DEBUG ]  trace com.mchange.v2.resourcepool.BasicResourcePool@5dda768f [managed: 0, unused: 0, excluded: 0]
2016-03-07 22:33:22  [ com.mchange.v2.async.ThreadPoolAsynchronousRunner$PoolThread-#0:1077 ] - [ DEBUG ]  com.mchange.v2.c3p0.impl.C3P0PooledConnectionPool$1PooledConnectionResourcePoolManager@39dfa485.acquireResource() returning. 
2016-03-07 22:33:22  [ com.mchange.v2.async.ThreadPoolAsynchronousRunner$PoolThread-#2:1077 ] - [ DEBUG ]  com.mchange.v2.c3p0.impl.C3P0PooledConnectionPool$1PooledConnectionResourcePoolManager@39dfa485.acquireResource() returning. 
2016-03-07 22:33:22  [ com.mchange.v2.async.ThreadPoolAsynchronousRunner$PoolThread-#1:1077 ] - [ DEBUG ]  com.mchange.v2.c3p0.impl.C3P0PooledConnectionPool$1PooledConnectionResourcePoolManager@39dfa485.acquireResource() returning. 
2016-03-07 22:33:22  [ com.mchange.v2.async.ThreadPoolAsynchronousRunner$PoolThread-#0:1077 ] - [ DEBUG ]  trace com.mchange.v2.resourcepool.BasicResourcePool@5dda768f [managed: 1, unused: 1, excluded: 0]
2016-03-07 22:33:22  [ com.mchange.v2.async.ThreadPoolAsynchronousRunner$PoolThread-#0:1077 ] - [ DEBUG ]  decremented pending_acquires: 2
2016-03-07 22:33:22  [ com.mchange.v2.async.ThreadPoolAsynchronousRunner$PoolThread-#2:1078 ] - [ DEBUG ]  trace com.mchange.v2.resourcepool.BasicResourcePool@5dda768f [managed: 2, unused: 2, excluded: 0] (e.g. com.mchange.v2.c3p0.impl.NewPooledConnection@20aa3ce3)
2016-03-07 22:33:22  [ com.mchange.v2.async.ThreadPoolAsynchronousRunner$PoolThread-#2:1078 ] - [ DEBUG ]  decremented pending_acquires: 1
2016-03-07 22:33:22  [ main:1078 ] - [ DEBUG ]  trace com.mchange.v2.resourcepool.BasicResourcePool@5dda768f [managed: 2, unused: 1, excluded: 0] (e.g. com.mchange.v2.c3p0.impl.NewPooledConnection@20aa3ce3)
2016-03-07 22:33:22  [ com.mchange.v2.async.ThreadPoolAsynchronousRunner$PoolThread-#1:1078 ] - [ DEBUG ]  trace com.mchange.v2.resourcepool.BasicResourcePool@5dda768f [managed: 3, unused: 2, excluded: 0] (e.g. com.mchange.v2.c3p0.impl.NewPooledConnection@20aa3ce3)
2016-03-07 22:33:22  [ com.mchange.v2.async.ThreadPoolAsynchronousRunner$PoolThread-#1:1078 ] - [ DEBUG ]  decremented pending_acquires: 0
2016-03-07 22:33:22  [ main:1179 ] - [ DEBUG ]  SQL update affected 1 rows
2016-03-07 22:33:22  [ main:1196 ] - [ DEBUG ]  Returning JDBC Connection to DataSource
2016-03-07 22:33:22  [ main:1197 ] - [ DEBUG ]  trace com.mchange.v2.resourcepool.BasicResourcePool@5dda768f [managed: 3, unused: 2, excluded: 0] (e.g. com.mchange.v2.c3p0.impl.NewPooledConnection@20aa3ce3)
2016-03-07 22:33:22  [ main:1198 ] - [ DEBUG ]  Executing prepared SQL update
2016-03-07 22:33:22  [ main:1198 ] - [ DEBUG ]  Executing prepared SQL statement [update account set money = money + ? where name = ? ]
2016-03-07 22:33:22  [ main:1198 ] - [ DEBUG ]  Fetching JDBC Connection from DataSource
2016-03-07 22:33:22  [ main:1198 ] - [ DEBUG ]  trace com.mchange.v2.resourcepool.BasicResourcePool@5dda768f [managed: 3, unused: 2, excluded: 0] (e.g. com.mchange.v2.c3p0.impl.NewPooledConnection@20aa3ce3)
2016-03-07 22:33:22  [ main:1234 ] - [ DEBUG ]  SQL update affected 1 rows
2016-03-07 22:33:22  [ main:1235 ] - [ DEBUG ]  Returning JDBC Connection to DataSource
2016-03-07 22:33:22  [ main:1235 ] - [ DEBUG ]  trace com.mchange.v2.resourcepool.BasicResourcePool@5dda768f [managed: 3, unused: 2, excluded: 0] (e.g. com.mchange.v2.c3p0.impl.NewPooledConnection@20aa3ce3)
2016-03-07 22:33:22  [ main:1236 ] - [ DEBUG ]  After test method: context [DefaultTestContext@174d20a testClass = TestDemo, testInstance = com.asingna.spring.beans.TestDemo@6d8a00e3, testMethod = testTransfer@TestDemo, testException = [null], mergedContextConfiguration = [MergedContextConfiguration@66d2e7d9 testClass = TestDemo, locations = '{classpath:applicationContext.xml}', classes = '{}', contextInitializerClasses = '[]', activeProfiles = '{}', propertySourceLocations = '{}', propertySourceProperties = '{}', contextLoader = 'org.springframework.test.context.support.DelegatingSmartContextLoader', parent = [null]]], class annotated with @DirtiesContext [false] with mode [null], method annotated with @DirtiesContext [false] with mode [null].
2016-03-07 22:33:22  [ main:1237 ] - [ DEBUG ]  After test class: context [DefaultTestContext@174d20a testClass = TestDemo, testInstance = [null], testMethod = [null], testException = [null], mergedContextConfiguration = [MergedContextConfiguration@66d2e7d9 testClass = TestDemo, locations = '{classpath:applicationContext.xml}', classes = '{}', contextInitializerClasses = '[]', activeProfiles = '{}', propertySourceLocations = '{}', propertySourceProperties = '{}', contextLoader = 'org.springframework.test.context.support.DelegatingSmartContextLoader', parent = [null]]], class annotated with @DirtiesContext [false] with mode [null].
2016-03-07 22:33:22  [ Thread-1:1239 ] - [ INFO ]  Closing org.springframework.context.support.GenericApplicationContext@55f3ddb1: startup date [Mon Mar 07 22:33:21 CST 2016]; root of context hierarchy
2016-03-07 22:33:22  [ Thread-1:1240 ] - [ DEBUG ]  Returning cached instance of singleton bean 'lifecycleProcessor'
2016-03-07 22:33:22  [ Thread-1:1240 ] - [ DEBUG ]  Destroying singletons in org.springframework.beans.factory.support.DefaultListableBeanFactory@80169cf: defining beans [helloWorld,org.springframework.context.support.PropertySourcesPlaceholderConfigurer#0,dataSource,accountDao,accountService,org.springframework.context.annotation.internalConfigurationAnnotationProcessor,org.springframework.context.annotation.internalAutowiredAnnotationProcessor,org.springframework.context.annotation.internalRequiredAnnotationProcessor,org.springframework.context.annotation.internalCommonAnnotationProcessor,org.springframework.context.event.internalEventListenerProcessor,org.springframework.context.event.internalEventListenerFactory,org.springframework.context.annotation.ConfigurationClassPostProcessor.importAwareProcessor,org.springframework.context.annotation.ConfigurationClassPostProcessor.enhancedConfigurationProcessor]; root of factory hierarchy
2016-03-07 22:33:22  [ Thread-1:1241 ] - [ DEBUG ]  Retrieved dependent beans for bean 'accountService': [com.asingna.spring.beans.TestDemo]
2016-03-07 22:37:48  [ main:0 ] - [ INFO ]  Loaded default TestExecutionListener class names from location [META-INF/spring.factories]: [org.springframework.test.context.web.ServletTestExecutionListener, org.springframework.test.context.support.DirtiesContextBeforeModesTestExecutionListener, org.springframework.test.context.support.DependencyInjectionTestExecutionListener, org.springframework.test.context.support.DirtiesContextTestExecutionListener, org.springframework.test.context.transaction.TransactionalTestExecutionListener, org.springframework.test.context.jdbc.SqlScriptsTestExecutionListener]
2016-03-07 22:37:48  [ main:8 ] - [ INFO ]  Could not instantiate TestExecutionListener [org.springframework.test.context.web.ServletTestExecutionListener]. Specify custom listener classes or make the default listener classes (and their required dependencies) available. Offending class: [javax/servlet/ServletContext]
2016-03-07 22:37:48  [ main:15 ] - [ INFO ]  Using TestExecutionListeners: [org.springframework.test.context.support.DirtiesContextBeforeModesTestExecutionListener@67b6d4ae, org.springframework.test.context.support.DependencyInjectionTestExecutionListener@34b7bfc0, org.springframework.test.context.support.DirtiesContextTestExecutionListener@366e2eef, org.springframework.test.context.transaction.TransactionalTestExecutionListener@6df97b55, org.springframework.test.context.jdbc.SqlScriptsTestExecutionListener@3cbbc1e0]
2016-03-07 22:37:48  [ main:120 ] - [ INFO ]  Loading XML bean definitions from class path resource [applicationContext.xml]
2016-03-07 22:37:49  [ main:255 ] - [ INFO ]  Refreshing org.springframework.context.support.GenericApplicationContext@39aeed2f: startup date [Mon Mar 07 22:37:49 CST 2016]; root of context hierarchy
2016-03-07 22:37:49  [ main:333 ] - [ INFO ]  Loading properties file from class path resource [jdbc.properties]
2016-03-07 22:37:49  [ main:366 ] - [ INFO ]  MLog clients using log4j logging.
2016-03-07 22:37:49  [ main:588 ] - [ INFO ]  Initializing c3p0-0.9.1.2 [built 21-May-2007 15:04:56; debug? true; trace: 10]
2016-03-07 22:37:49  [ main:685 ] - [ INFO ]  start info ...
2016-03-07 22:37:49  [ main:726 ] - [ INFO ]  Initializing c3p0 pool... com.mchange.v2.c3p0.ComboPooledDataSource [ acquireIncrement -> 3, acquireRetryAttempts -> 30, acquireRetryDelay -> 1000, autoCommitOnClose -> false, automaticTestTable -> null, breakAfterAcquireFailure -> false, checkoutTimeout -> 0, connectionCustomizerClassName -> null, connectionTesterClassName -> com.mchange.v2.c3p0.impl.DefaultConnectionTester, dataSourceName -> 1hge1he9fmm7gv6z1k961|48e4374, debugUnreturnedConnectionStackTraces -> false, description -> null, driverClass -> com.mysql.jdbc.Driver, factoryClassLocation -> null, forceIgnoreUnresolvedTransactions -> false, identityToken -> 1hge1he9fmm7gv6z1k961|48e4374, idleConnectionTestPeriod -> 0, initialPoolSize -> 3, jdbcUrl -> jdbc:mysql:///spring-transaction, maxAdministrativeTaskTime -> 0, maxConnectionAge -> 0, maxIdleTime -> 0, maxIdleTimeExcessConnections -> 0, maxPoolSize -> 15, maxStatements -> 0, maxStatementsPerConnection -> 0, minPoolSize -> 3, numHelperThreads -> 3, numThreadsAwaitingCheckoutDefaultUser -> 0, preferredTestQuery -> null, properties -> {user=******, password=******}, propertyCycle -> 0, testConnectionOnCheckin -> false, testConnectionOnCheckout -> false, unreturnedConnectionTimeout -> 0, usesTraditionalReflectiveProxies -> false ]
2016-03-07 22:37:49  [ Thread-1:1087 ] - [ INFO ]  Closing org.springframework.context.support.GenericApplicationContext@39aeed2f: startup date [Mon Mar 07 22:37:49 CST 2016]; root of context hierarchy
